<?xml version="1.0" encoding="UTF-8"?>
<!-- Generated by org.testng.reporters.JUnitReportReporter -->
<testsuite hostname="TNL71978120-B" failures="0" tests="1" name="integration.Demo" time="0.023" errors="0" timestamp="2023-08-20T17:03:37 IST" skipped="0">
  <testcase classname="integration.Demo" name="createDemo" time="0.023"/>
</testsuite> <!-- integration.Demo -->
