<?xml version="1.0" encoding="UTF-8"?>
<!-- Generated by org.testng.reporters.JUnitReportReporter -->
<testsuite hostname="TNL71978120-B" failures="0" tests="1" name="integration.Demo3" time="0.004" errors="0" timestamp="2023-08-20T17:45:47 IST" skipped="0">
  <testcase classname="integration.Demo3" name="deleteProject" time="0.004">
    <system-out>
      <![CDATA[well]]>
    </system-out>
  </testcase> <!-- deleteProject -->
  <system-out>
    <![CDATA[good
better
well]]>
  </system-out>
</testsuite> <!-- integration.Demo3 -->
